#
# A fatal error has been detected by the Java Runtime Environment:
#
#  EXCEPTION_ACCESS_VIOLATION (0xc0000005) at pc=0x000000006627f3bb, pid=6344, tid=0x00000000000031c0
#
# JRE version: OpenJDK Runtime Environment (8.0_152-b01) (build 1.8.0_152-release-1343-b01)
# Java VM: OpenJDK 64-Bit Server VM (25.152-b01 mixed mode windows-amd64 compressed oops)
# Problematic frame:
# V  [jvm.dll+0xef3bb]
#
# Failed to write core dump. Minidumps are not enabled by default on client versions of Windows
#
# If you would like to submit a bug report, please visit:
#   http://bugreport.java.com/bugreport/crash.jsp
#

---------------  T H R E A D  ---------------

Current thread (0x0000000003138800):  GCTaskThread [stack: 0x0000000012bf0000,0x0000000012cf0000] [id=12736]

siginfo: ExceptionCode=0xc0000005, reading address 0x0000000000000070

Registers:
RAX=0x0000000012ef0000, RBX=0x00000000a52ecdf0, RCX=0x0000000000000003, RDX=0x0000000000000001
RSP=0x0000000012cefbc0, RBP=0x00000000a12eccd0, RSI=0x0000000000000003, RDI=0x000000000320b3d0
R8 =0x0000000000000068, R9 =0x0000000000000003, R10=0x000000000000000c, R11=0x00000000000153a2
R12=0x00000000a12eccd8, R13=0x000000010035de60, R14=0x000000010035de68, R15=0x00000000a12eccc0
RIP=0x000000006627f3bb, EFLAGS=0x0000000000010202

Top of Stack: (sp=0x0000000012cefbc0)
0x0000000012cefbc0:   00000000a12eccd8 00000000a12ecccc
0x0000000012cefbd0:   0000000000000003 000000000320b3d0
0x0000000012cefbe0:   0000000000000000 00000000000003d8
0x0000000012cefbf0:   00000000031390c8 0000000003132b70
0x0000000012cefc00:   00000000000153a2 0000000066553de0
0x0000000012cefc10:   000000001730bd50 000000002b3e9d40
0x0000000012cefc20:   000000000320b3d0 0000000003138cf0
0x0000000012cefc30:   0002d179000143a3 0000000000000c00
0x0000000012cefc40:   0000000000000000 0000000000000000
0x0000000012cefc50:   0000000000000000 0000000018d7b800
0x0000000012cefc60:   0000000000000001 001a4a7c00007301
0x0000000012cefc70:   00006c7b91579541 00000000031390c8
0x0000000012cefc80:   0000000003138cf0 00000000000003d8
0x0000000012cefc90:   0000000003138cf0 0000000003132b70
0x0000000012cefca0:   0000000003138ce0 000000002b3e9d40
0x0000000012cefcb0:   000000000320b3d0 0000000066550e43 

Instructions: (pc=0x000000006627f3bb)
0x000000006627f39b:   6c 00 84 d2 74 16 44 8b 43 08 8b 0d ad d2 66 00
0x000000006627f3ab:   49 d3 e0 4c 03 05 9b d2 66 00 eb 04 4c 8b 43 08
0x000000006627f3bb:   45 8b 48 08 45 85 c9 7e 0c 41 f6 c1 01 75 4b 41
0x000000006627f3cb:   c1 f9 03 eb 57 79 43 84 d2 41 8b c9 b8 10 00 00 


Register to memory mapping:

RAX=0x0000000012ef0000 is an unknown value
RBX=0x00000000a52ecdf0 is pointing into object: 0x00000000a52ecde0
org.gradle.internal.fingerprint.impl.DefaultFileSystemLocationFingerprint 
 - klass: 'org/gradle/internal/fingerprint/impl/DefaultFileSystemLocationFingerprint'
RCX=0x0000000000000003 is an unknown value
RDX=0x0000000000000001 is an unknown value
RSP=0x0000000012cefbc0 is an unknown value
RBP=0x00000000a12eccd0 is pointing into object: 0x00000000a12eccc0
java.beans.MethodRef 
 - klass: 'java/beans/MethodRef'
RSI=0x0000000000000003 is an unknown value
RDI=0x000000000320b3d0 is an unknown value
R8 =0x0000000000000068 is an unknown value
R9 =0x0000000000000003 is an unknown value
R10=0x000000000000000c is an unknown value
R11=0x00000000000153a2 is pointing into metadata
R12=0x00000000a12eccd8 is an oop
java.lang.String 
 - klass: 'java/lang/String'
R13=0x000000010035de60 is pointing into metadata
R14=0x000000010035de68 is pointing into metadata
R15=0x00000000a12eccc0 is an oop
java.beans.MethodRef 
 - klass: 'java/beans/MethodRef'


Stack: [0x0000000012bf0000,0x0000000012cf0000],  sp=0x0000000012cefbc0,  free space=1022k
Native frames: (J=compiled Java code, j=interpreted, Vv=VM code, C=native code)
V  [jvm.dll+0xef3bb]
V  [jvm.dll+0x3c3de0]
V  [jvm.dll+0x3c0e43]
V  [jvm.dll+0x3bec9e]
V  [jvm.dll+0x26d9aa]
C  [msvcr100.dll+0x21d9f]
C  [msvcr100.dll+0x21e3b]
C  [KERNEL32.DLL+0x14034]
C  [ntdll.dll+0x73691]


---------------  P R O C E S S  ---------------

Java Threads: ( => current thread )
  0x000000001f895000 JavaThread "ForkJoinPool.commonPool-worker-1" daemon [_thread_blocked, id=1352, stack(0x0000000064170000,0x0000000064270000)]
  0x0000000024425000 JavaThread "Cache worker for Java compile cache (E:\new-venture\mapin-tech\development\demons\audio\mapin-events\.gradle\5.1.1\javaCompile)" [_thread_blocked, id=19372, stack(0x0000000064070000,0x0000000064170000)]
  0x000000002441f000 JavaThread "stdout" daemon [_thread_in_native, id=15164, stack(0x0000000063f70000,0x0000000064070000)]
  0x000000002441d800 JavaThread "stderr" daemon [_thread_in_native, id=17380, stack(0x0000000063e70000,0x0000000063f70000)]
  0x0000000020006000 JavaThread "stdout" daemon [_thread_in_native, id=15088, stack(0x0000000063d70000,0x0000000063e70000)]
  0x000000001fffe000 JavaThread "stderr" daemon [_thread_in_native, id=16340, stack(0x0000000063c70000,0x0000000063d70000)]
  0x0000000020004800 JavaThread "stdout" daemon [_thread_in_native, id=1040, stack(0x0000000063b70000,0x0000000063c70000)]
  0x0000000020004000 JavaThread "stderr" daemon [_thread_in_native, id=19428, stack(0x0000000063a70000,0x0000000063b70000)]
  0x000000001fffc800 JavaThread "pool-358-thread-1" [_thread_blocked, id=17356, stack(0x0000000063970000,0x0000000063a70000)]
  0x0000000020001000 JavaThread "Cache worker for execution history cache (E:\new-venture\mapin-tech\development\demons\audio\mapin-events\.gradle\5.1.1\executionHistory)" [_thread_blocked, id=19304, stack(0x0000000063170000,0x0000000063270000)]
  0x000000002c3fb800 JavaThread "Execution worker for ':' Thread 3" [_thread_blocked, id=14696, stack(0x0000000063070000,0x0000000063170000)]
  0x000000002c3fb000 JavaThread "Execution worker for ':' Thread 2" [_thread_blocked, id=18448, stack(0x0000000062f70000,0x0000000063070000)]
  0x000000002c3fa000 JavaThread "Execution worker for ':'" [_thread_blocked, id=8952, stack(0x0000000062e70000,0x0000000062f70000)]
  0x000000002c3f9800 JavaThread "Cache worker for file content cache (E:\new-venture\mapin-tech\development\demons\audio\mapin-events\.gradle\5.1.1\fileContent)" [_thread_blocked, id=18032, stack(0x0000000062d70000,0x0000000062e70000)]
  0x000000002c3f7000 JavaThread "Cache worker for Build Output Cleanup Cache (E:\new-venture\mapin-tech\development\demons\audio\mapin-events\.gradle\buildOutputCleanup)" [_thread_blocked, id=8876, stack(0x0000000062c70000,0x0000000062d70000)]
  0x000000002c3f6800 JavaThread "pool-357-thread-1" [_thread_blocked, id=13232, stack(0x0000000062b70000,0x0000000062c70000)]
  0x000000002c3f3800 JavaThread "Build operations Thread 4" [_thread_blocked, id=960, stack(0x0000000062a70000,0x0000000062b70000)]
  0x000000002c3ee000 JavaThread "Build operations Thread 3" [_thread_blocked, id=18028, stack(0x0000000062970000,0x0000000062a70000)]
  0x000000002c3f2800 JavaThread "Build operations Thread 2" [_thread_blocked, id=19280, stack(0x0000000062870000,0x0000000062970000)]
  0x000000002c3ed800 JavaThread "Build operations" [_thread_blocked, id=1772, stack(0x0000000062770000,0x0000000062870000)]
  0x000000002c3ef800 JavaThread "Cache worker for cache directory md-rule (C:\Users\Amer Kumar\.gradle\caches\5.1.1\md-rule)" [_thread_blocked, id=17176, stack(0x0000000062570000,0x0000000062670000)]
  0x000000002c3f2000 JavaThread "Cache worker for cache directory md-supplier (C:\Users\Amer Kumar\.gradle\caches\5.1.1\md-supplier)" [_thread_blocked, id=15760, stack(0x0000000062470000,0x0000000062570000)]
  0x000000002c3f1000 JavaThread "Cache worker for file hash cache (E:\new-venture\mapin-tech\development\demons\audio\mapin-events\.gradle\5.1.1\fileHashes)" [_thread_blocked, id=5336, stack(0x0000000062370000,0x0000000062470000)]
  0x000000002af4a800 JavaThread "Thread-2142" [_thread_blocked, id=2236, stack(0x0000000062270000,0x0000000062370000)]
  0x000000002af50000 JavaThread "Asynchronous log dispatcher for DefaultDaemonConnection: socket connection from /127.0.0.1:51472 to /127.0.0.1:56517" [_thread_blocked, id=14360, stack(0x0000000062070000,0x0000000062170000)]
  0x000000002af50800 JavaThread "Daemon worker Thread 80" [_thread_blocked, id=17856, stack(0x0000000061f70000,0x0000000062070000)]
  0x000000002af43000 JavaThread "Cancel handler" [_thread_blocked, id=13896, stack(0x0000000061e70000,0x0000000061f70000)]
  0x000000002af49000 JavaThread "Handler for socket connection from /127.0.0.1:51472 to /127.0.0.1:56517" [_thread_in_native, id=13636, stack(0x0000000061d70000,0x0000000061e70000)]
  0x000000002af47800 JavaThread "Daemon Thread 80" [_thread_blocked, id=3960, stack(0x0000000061c70000,0x0000000061d70000)]
  0x0000000018d7b800 JavaThread "Cache worker for Java compile cache (C:\Users\Amer Kumar\.gradle\caches\5.1.1\javaCompile)" [_thread_blocked, id=1396, stack(0x0000000034230000,0x0000000034330000)]
  0x0000000016bd4800 JavaThread "Cache worker for file content cache (C:\Users\Amer Kumar\.gradle\caches\5.1.1\fileContent)" [_thread_blocked, id=1756, stack(0x00000000260d0000,0x00000000261d0000)]
  0x0000000018d7b000 JavaThread "Memory manager" [_thread_blocked, id=15036, stack(0x0000000022ad0000,0x0000000022bd0000)]
  0x0000000016bd5000 JavaThread "Cache worker for execution history cache (C:\Users\Amer Kumar\.gradle\caches\5.1.1\executionHistory)" [_thread_blocked, id=12904, stack(0x000000001f4e0000,0x000000001f5e0000)]
  0x0000000016bd1800 JavaThread "Cache worker for journal cache (C:\Users\Amer Kumar\.gradle\caches\journal-1)" [_thread_blocked, id=12548, stack(0x000000001c640000,0x000000001c740000)]
  0x0000000016bd0800 JavaThread "File lock request listener" [_thread_in_native, id=14104, stack(0x000000001c540000,0x000000001c640000)]
  0x0000000018e53800 JavaThread "Cache worker for file hash cache (C:\Users\Amer Kumar\.gradle\caches\5.1.1\fileHashes)" [_thread_blocked, id=14392, stack(0x000000001c440000,0x000000001c540000)]
  0x000000001a235000 JavaThread "Daemon periodic checks" [_thread_blocked, id=14508, stack(0x000000001ba40000,0x000000001bb40000)]
  0x000000001a1dc000 JavaThread "Incoming local TCP Connector on port 51472" [_thread_in_native, id=13208, stack(0x000000001a2c0000,0x000000001a3c0000)]
  0x000000001851b800 JavaThread "Service Thread" daemon [_thread_blocked, id=13792, stack(0x00000000188f0000,0x00000000189f0000)]
  0x0000000016b98000 JavaThread "C1 CompilerThread2" daemon [_thread_blocked, id=5620, stack(0x00000000183f0000,0x00000000184f0000)]
  0x0000000016b8c000 JavaThread "C2 CompilerThread1" daemon [_thread_blocked, id=13272, stack(0x00000000182f0000,0x00000000183f0000)]
  0x0000000016b88800 JavaThread "C2 CompilerThread0" daemon [_thread_blocked, id=9112, stack(0x00000000181f0000,0x00000000182f0000)]
  0x0000000016b96800 JavaThread "Attach Listener" daemon [_thread_blocked, id=13052, stack(0x00000000180f0000,0x00000000181f0000)]
  0x0000000016b95000 JavaThread "Signal Dispatcher" daemon [_thread_blocked, id=12856, stack(0x0000000017ff0000,0x00000000180f0000)]
  0x0000000016b79800 JavaThread "Finalizer" daemon [_thread_blocked, id=14904, stack(0x0000000017e00000,0x0000000017f00000)]
  0x0000000003211000 JavaThread "Reference Handler" daemon [_thread_blocked, id=13808, stack(0x0000000017d00000,0x0000000017e00000)]
  0x000000000311e800 JavaThread "main" [_thread_blocked, id=14872, stack(0x0000000002f50000,0x0000000003050000)]

Other Threads:
  0x0000000016b56000 VMThread [stack: 0x0000000017c00000,0x0000000017d00000] [id=2580]
  0x000000001851c000 WatcherThread [stack: 0x00000000189f0000,0x0000000018af0000] [id=2412]

=>0x0000000003138800 (exited) GCTaskThread [stack: 0x0000000012bf0000,0x0000000012cf0000] [id=12736]

VM state:at safepoint (normal execution)

VM Mutex/Monitor currently owned by a thread:  ([mutex/lock_event])
[0x000000000311cc30] Threads_lock - owner thread: 0x0000000016b56000
[0x000000000311d3b0] Heap_lock - owner thread: 0x000000002c3fb000

Heap:
 PSYoungGen      total 367616K, used 44015K [0x00000000e0000000, 0x0000000100000000, 0x0000000100000000)
  eden space 323584K, 0% used [0x00000000e0000000,0x00000000e0000000,0x00000000f3c00000)
  from space 44032K, 99% used [0x00000000fd500000,0x00000000ffffbf58,0x0000000100000000)
  to   space 100352K, 0% used [0x00000000f3c00000,0x00000000f3c00000,0x00000000f9e00000)
 ParOldGen       total 1048576K, used 1010954K [0x00000000a0000000, 0x00000000e0000000, 0x00000000e0000000)
  object space 1048576K, 96% used [0x00000000a0000000,0x00000000ddb429d0,0x00000000e0000000)
 Metaspace       used 214464K, capacity 225884K, committed 234072K, reserved 1253376K
  class space    used 25294K, capacity 27347K, committed 29528K, reserved 1048576K

Card table byte_map: [0x00000000125e0000,0x00000000128f0000] byte_map_base: 0x00000000120e0000

Marking Bits: (ParMarkBitMap*) 0x0000000066955aa0
 Begin Bits: [0x0000000012ef0000, 0x00000000146f0000)
 End Bits:   [0x00000000146f0000, 0x0000000015ef0000)

Polling page: 0x0000000000dd0000

CodeCache: size=245760Kb used=170424Kb max_used=170438Kb free=75335Kb
 bounds [0x0000000003220000, 0x000000000d9b0000, 0x0000000012220000]
 total_blobs=42844 nmethods=41858 adapters=895
 compilation: enabled

Compilation events (10 events):
Event: 40670.597 Thread 0x0000000016b98000 89560       3       com.android.tools.build.apkzlib.utils.CachedSupplier::<init> (15 bytes)
Event: 40670.597 Thread 0x0000000016b98000 nmethod 89560 0x000000000d996f90 code [0x000000000d9970e0, 0x000000000d9972b0]
Event: 40670.646 Thread 0x0000000016b8c000 89561       4       com.android.tools.build.apkzlib.zip.ZFileOptions$$Lambda$3245/62852894::get (4 bytes)
Event: 40670.647 Thread 0x0000000016b88800 89562   !   4       com.android.tools.build.apkzlib.zip.CentralDirectory::readEntry (698 bytes)
Event: 40670.648 Thread 0x0000000016b8c000 nmethod 89561 0x000000000d996cd0 code [0x000000000d996e20, 0x000000000d996ed8]
Event: 40670.648 Thread 0x0000000016b8c000 89563       4       com.android.tools.build.apkzlib.zip.utils.MsDosDateTimeUtils::packTime (54 bytes)
Event: 40670.662 Thread 0x0000000016b8c000 nmethod 89563 0x000000000d997c90 code [0x000000000d997e20, 0x000000000d9980d8]
Event: 40670.662 Thread 0x0000000016b8c000 89564       4       com.android.tools.build.apkzlib.zip.StoredEntry::readDataDescriptorRecord (248 bytes)
Event: 40670.685 Thread 0x0000000016b8c000 nmethod 89564 0x000000000d9a5f10 code [0x000000000d9a6180, 0x000000000d9a6d08]
Event: 40670.685 Thread 0x0000000016b8c000 89565       4       com.android.tools.build.apkzlib.zip.FileUseMap::add (131 bytes)

GC Heap History (10 events):
Event: 40610.132 GC heap after
Heap after GC invocations=1081 (full 52):
 PSYoungGen      total 481792K, used 4941K [0x00000000e0000000, 0x00000000ffc00000, 0x0000000100000000)
  eden space 443392K, 0% used [0x00000000e0000000,0x00000000e0000000,0x00000000fb100000)
  from space 38400K, 12% used [0x00000000fd580000,0x00000000fda53638,0x00000000ffb00000)
  to   space 37376K, 0% used [0x00000000fb100000,0x00000000fb100000,0x00000000fd580000)
 ParOldGen       total 1048576K, used 866840K [0x00000000a0000000, 0x00000000e0000000, 0x00000000e0000000)
  object space 1048576K, 82% used [0x00000000a0000000,0x00000000d4e863f8,0x00000000e0000000)
 Metaspace       used 199735K, capacity 210836K, committed 233688K, reserved 1253376K
  class space    used 23574K, capacity 25590K, committed 29400K, reserved 1048576K
}
Event: 40631.794 GC heap before
{Heap before GC invocations=1082 (full 52):
 PSYoungGen      total 481792K, used 448333K [0x00000000e0000000, 0x00000000ffc00000, 0x0000000100000000)
  eden space 443392K, 100% used [0x00000000e0000000,0x00000000fb100000,0x00000000fb100000)
  from space 38400K, 12% used [0x00000000fd580000,0x00000000fda53638,0x00000000ffb00000)
  to   space 37376K, 0% used [0x00000000fb100000,0x00000000fb100000,0x00000000fd580000)
 ParOldGen       total 1048576K, used 866840K [0x00000000a0000000, 0x00000000e0000000, 0x00000000e0000000)
  object space 1048576K, 82% used [0x00000000a0000000,0x00000000d4e863f8,0x00000000e0000000)
 Metaspace       used 204802K, capacity 215928K, committed 233688K, reserved 1253376K
  class space    used 24189K, capacity 26209K, committed 29400K, reserved 1048576K
Event: 40631.845 GC heap after
Heap after GC invocations=1082 (full 52):
 PSYoungGen      total 480256K, used 36513K [0x00000000e0000000, 0x0000000100000000, 0x0000000100000000)
  eden space 443392K, 0% used [0x00000000e0000000,0x00000000e0000000,0x00000000fb100000)
  from space 36864K, 99% used [0x00000000fb100000,0x00000000fd4a87c0,0x00000000fd500000)
  to   space 44032K, 0% used [0x00000000fd500000,0x00000000fd500000,0x0000000100000000)
 ParOldGen       total 1048576K, used 867345K [0x00000000a0000000, 0x00000000e0000000, 0x00000000e0000000)
  object space 1048576K, 82% used [0x00000000a0000000,0x00000000d4f045c8,0x00000000e0000000)
 Metaspace       used 204802K, capacity 215928K, committed 233688K, reserved 1253376K
  class space    used 24189K, capacity 26209K, committed 29400K, reserved 1048576K
}
Event: 40657.411 GC heap before
{Heap before GC invocations=1083 (full 52):
 PSYoungGen      total 480256K, used 479905K [0x00000000e0000000, 0x0000000100000000, 0x0000000100000000)
  eden space 443392K, 100% used [0x00000000e0000000,0x00000000fb100000,0x00000000fb100000)
  from space 36864K, 99% used [0x00000000fb100000,0x00000000fd4a87c0,0x00000000fd500000)
  to   space 44032K, 0% used [0x00000000fd500000,0x00000000fd500000,0x0000000100000000)
 ParOldGen       total 1048576K, used 867345K [0x00000000a0000000, 0x00000000e0000000, 0x00000000e0000000)
  object space 1048576K, 82% used [0x00000000a0000000,0x00000000d4f045c8,0x00000000e0000000)
 Metaspace       used 207905K, capacity 219100K, committed 233688K, reserved 1253376K
  class space    used 24558K, capacity 26573K, committed 29400K, reserved 1048576K
Event: 40657.447 GC heap after
Heap after GC invocations=1083 (full 52):
 PSYoungGen      total 482304K, used 9473K [0x00000000e0000000, 0x0000000100000000, 0x0000000100000000)
  eden space 438272K, 0% used [0x00000000e0000000,0x00000000e0000000,0x00000000fac00000)
  from space 44032K, 21% used [0x00000000fd500000,0x00000000fde404f8,0x0000000100000000)
  to   space 41984K, 0% used [0x00000000fac00000,0x00000000fac00000,0x00000000fd500000)
 ParOldGen       total 1048576K, used 876131K [0x00000000a0000000, 0x00000000e0000000, 0x00000000e0000000)
  object space 1048576K, 83% used [0x00000000a0000000,0x00000000d5798ee8,0x00000000e0000000)
 Metaspace       used 207905K, capacity 219100K, committed 233688K, reserved 1253376K
  class space    used 24558K, capacity 26573K, committed 29400K, reserved 1048576K
}
Event: 40661.324 GC heap before
{Heap before GC invocations=1084 (full 52):
 PSYoungGen      total 482304K, used 447745K [0x00000000e0000000, 0x0000000100000000, 0x0000000100000000)
  eden space 438272K, 100% used [0x00000000e0000000,0x00000000fac00000,0x00000000fac00000)
  from space 44032K, 21% used [0x00000000fd500000,0x00000000fde404f8,0x0000000100000000)
  to   space 41984K, 0% used [0x00000000fac00000,0x00000000fac00000,0x00000000fd500000)
 ParOldGen       total 1048576K, used 876131K [0x00000000a0000000, 0x00000000e0000000, 0x00000000e0000000)
  object space 1048576K, 83% used [0x00000000a0000000,0x00000000d5798ee8,0x00000000e0000000)
 Metaspace       used 213610K, capacity 224882K, committed 233816K, reserved 1253376K
  class space    used 25170K, capacity 27208K, committed 29528K, reserved 1048576K
Event: 40661.598 GC heap after
Heap after GC invocations=1084 (full 52):
 PSYoungGen      total 480256K, used 41981K [0x00000000e0000000, 0x0000000100000000, 0x0000000100000000)
  eden space 438272K, 0% used [0x00000000e0000000,0x00000000e0000000,0x00000000fac00000)
  from space 41984K, 99% used [0x00000000fac00000,0x00000000fd4ff450,0x00000000fd500000)
  to   space 44032K, 0% used [0x00000000fd500000,0x00000000fd500000,0x0000000100000000)
 ParOldGen       total 1048576K, used 966585K [0x00000000a0000000, 0x00000000e0000000, 0x00000000e0000000)
  object space 1048576K, 92% used [0x00000000a0000000,0x00000000dafee7d8,0x00000000e0000000)
 Metaspace       used 213610K, capacity 224882K, committed 233816K, reserved 1253376K
  class space    used 25170K, capacity 27208K, committed 29528K, reserved 1048576K
}
Event: 40670.763 GC heap before
{Heap before GC invocations=1085 (full 52):
 PSYoungGen      total 480256K, used 480253K [0x00000000e0000000, 0x0000000100000000, 0x0000000100000000)
  eden space 438272K, 100% used [0x00000000e0000000,0x00000000fac00000,0x00000000fac00000)
  from space 41984K, 99% used [0x00000000fac00000,0x00000000fd4ff450,0x00000000fd500000)
  to   space 44032K, 0% used [0x00000000fd500000,0x00000000fd500000,0x0000000100000000)
 ParOldGen       total 1048576K, used 966585K [0x00000000a0000000, 0x00000000e0000000, 0x00000000e0000000)
  object space 1048576K, 92% used [0x00000000a0000000,0x00000000dafee7d8,0x00000000e0000000)
 Metaspace       used 214464K, capacity 225884K, committed 234072K, reserved 1253376K
  class space    used 25294K, capacity 27347K, committed 29528K, reserved 1048576K
Event: 40670.920 GC heap after
Heap after GC invocations=1085 (full 52):
 PSYoungGen      total 367616K, used 44015K [0x00000000e0000000, 0x0000000100000000, 0x0000000100000000)
  eden space 323584K, 0% used [0x00000000e0000000,0x00000000e0000000,0x00000000f3c00000)
  from space 44032K, 99% used [0x00000000fd500000,0x00000000ffffbf58,0x0000000100000000)
  to   space 100352K, 0% used [0x00000000f3c00000,0x00000000f3c00000,0x00000000f9e00000)
 ParOldGen       total 1048576K, used 1010954K [0x00000000a0000000, 0x00000000e0000000, 0x00000000e0000000)
  object space 1048576K, 96% used [0x00000000a0000000,0x00000000ddb429d0,0x00000000e0000000)
 Metaspace       used 214464K, capacity 225884K, committed 234072K, reserved 1253376K
  class space    used 25294K, capacity 27347K, committed 29528K, reserved 1048576K
}
Event: 40670.920 GC heap before
{Heap before GC invocations=1086 (full 53):
 PSYoungGen      total 367616K, used 44015K [0x00000000e0000000, 0x0000000100000000, 0x0000000100000000)
  eden space 323584K, 0% used [0x00000000e0000000,0x00000000e0000000,0x00000000f3c00000)
  from space 44032K, 99% used [0x00000000fd500000,0x00000000ffffbf58,0x0000000100000000)
  to   space 100352K, 0% used [0x00000000f3c00000,0x00000000f3c00000,0x00000000f9e00000)
 ParOldGen       total 1048576K, used 1010954K [0x00000000a0000000, 0x00000000e0000000, 0x00000000e0000000)
  object space 1048576K, 96% used [0x00000000a0000000,0x00000000ddb429d0,0x00000000e0000000)
 Metaspace       used 214464K, capacity 225884K, committed 234072K, reserved 1253376K
  class space    used 25294K, capacity 27347K, committed 29528K, reserved 1048576K

Deoptimization events (10 events):
Event: 40670.233 Thread 0x000000002c3fb000 Uncommon trap: reason=class_check action=maybe_recompile pc=0x000000000d7a8aa0 method=com.google.common.collect.ImmutableMap.copyOf(Ljava/util/Map;)Lcom/google/common/collect/ImmutableMap; @ 49
Event: 40670.233 Thread 0x000000002c3fb000 Uncommon trap: reason=class_check action=maybe_recompile pc=0x000000000d79c3f0 method=com.google.common.collect.Iterables.castOrCopyToCollection(Ljava/lang/Iterable;)Ljava/util/Collection; @ 1
Event: 40670.233 Thread 0x000000002c3fb000 Uncommon trap: reason=bimorphic action=maybe_recompile pc=0x000000000d7b15b0 method=com.google.common.collect.RegularImmutableMap.fromEntryArray(I[Ljava/util/Map$Entry;)Lcom/google/common/collect/ImmutableMap; @ 70
Event: 40670.238 Thread 0x000000002c3fb000 Uncommon trap: reason=bimorphic action=maybe_recompile pc=0x000000000684a1fc method=com.google.common.io.ByteStreams.copy(Ljava/io/InputStream;Ljava/io/OutputStream;)J @ 18
Event: 40670.248 Thread 0x000000002c3fb000 Uncommon trap: reason=class_check action=maybe_recompile pc=0x000000000d7a8aa0 method=com.google.common.collect.ImmutableMap.copyOf(Ljava/util/Map;)Lcom/google/common/collect/ImmutableMap; @ 49
Event: 40670.248 Thread 0x000000002c3fb000 Uncommon trap: reason=class_check action=maybe_recompile pc=0x000000000d79c3f0 method=com.google.common.collect.Iterables.castOrCopyToCollection(Ljava/lang/Iterable;)Ljava/util/Collection; @ 1
Event: 40670.248 Thread 0x000000002c3fb000 Uncommon trap: reason=bimorphic action=maybe_recompile pc=0x000000000d7b15b0 method=com.google.common.collect.RegularImmutableMap.fromEntryArray(I[Ljava/util/Map$Entry;)Lcom/google/common/collect/ImmutableMap; @ 70
Event: 40670.258 Thread 0x000000002c3fb000 Uncommon trap: reason=bimorphic action=maybe_recompile pc=0x000000000684a1fc method=com.google.common.io.ByteStreams.copy(Ljava/io/InputStream;Ljava/io/OutputStream;)J @ 18
Event: 40670.266 Thread 0x000000002c3fb000 Uncommon trap: reason=bimorphic action=maybe_recompile pc=0x000000000684a1fc method=com.google.common.io.ByteStreams.copy(Ljava/io/InputStream;Ljava/io/OutputStream;)J @ 18
Event: 40670.317 Thread 0x000000002c3fb000 Uncommon trap: reason=bimorphic action=maybe_recompile pc=0x000000000d7abe84 method=com.google.common.collect.RegularImmutableMap.fromEntryArray(I[Ljava/util/Map$Entry;)Lcom/google/common/collect/ImmutableMap; @ 70

Classes redefined (0 events):
No events

Internal exceptions (10 events):
Event: 40654.091 Thread 0x000000002af50800 Exception <a 'sun/nio/fs/WindowsException'> (0x00000000f0d8dad8) thrown at [D:\src\AOSP-openjdk-cygwin\jdk8u\hotspot\src\share\vm\prims\jni.cpp, line 709]
Event: 40654.091 Thread 0x000000002c3fb800 Exception <a 'sun/nio/fs/WindowsException'> (0x00000000f0644c68) thrown at [D:\src\AOSP-openjdk-cygwin\jdk8u\hotspot\src\share\vm\prims\jni.cpp, line 709]
Event: 40654.094 Thread 0x000000002c3fa000 Exception <a 'sun/nio/fs/WindowsException'> (0x00000000f0b17000) thrown at [D:\src\AOSP-openjdk-cygwin\jdk8u\hotspot\src\share\vm\prims\jni.cpp, line 709]
Event: 40654.120 Thread 0x000000002af50800 Exception <a 'sun/nio/fs/WindowsException'> (0x00000000f0e037d0) thrown at [D:\src\AOSP-openjdk-cygwin\jdk8u\hotspot\src\share\vm\prims\jni.cpp, line 709]
Event: 40654.120 Thread 0x000000002c3fa000 Exception <a 'sun/nio/fs/WindowsException'> (0x00000000f0b87788) thrown at [D:\src\AOSP-openjdk-cygwin\jdk8u\hotspot\src\share\vm\prims\jni.cpp, line 709]
Event: 40654.120 Thread 0x000000002c3fb800 Exception <a 'sun/nio/fs/WindowsException'> (0x00000000f1003e38) thrown at [D:\src\AOSP-openjdk-cygwin\jdk8u\hotspot\src\share\vm\prims\jni.cpp, line 709]
Event: 40654.120 Thread 0x000000002c3fb000 Exception <a 'sun/nio/fs/WindowsException'> (0x00000000f0863ea8) thrown at [D:\src\AOSP-openjdk-cygwin\jdk8u\hotspot\src\share\vm\prims\jni.cpp, line 709]
Event: 40660.139 Thread 0x000000002af50800 Exception <a 'java/lang/ClassNotFoundException': com/sun/org/glassfish/hk2/osgiresourcelocator/ServiceLoader> (0x00000000effa04a0) thrown at [D:\src\AOSP-openjdk-cygwin\jdk8u\hotspot\src\share\vm\classfile\systemDictionary.cpp, line 210]
Event: 40669.783 Thread 0x000000002c3fb000 Exception <a 'java/lang/NoSuchMethodError': java.lang.Object.lambda$asRunnable$0(Lcom/android/tools/build/apkzlib/utils/IOExceptionRunnable;)V> (0x00000000f559c920) thrown at [D:\src\AOSP-openjdk-cygwin\jdk8u\hotspot\src\share\vm\interpreter\linkResolver.
Event: 40669.894 Thread 0x000000002c3fb000 Exception <a 'java/lang/NoSuchMethodError': java.lang.Object.newSystemTemporaryDirectory()Lcom/android/tools/build/apkzlib/bytestorage/TemporaryDirectory;> (0x00000000f570a3e8) thrown at [D:\src\AOSP-openjdk-cygwin\jdk8u\hotspot\src\share\vm\interpreter\l

Events (10 events):
Event: 40670.258 Thread 0x000000002c3fb000 Uncommon trap: trap_request=0xffffffc6 fr.pc=0x000000000684a1fc
Event: 40670.258 Thread 0x000000002c3fb000 DEOPT PACKING pc=0x000000000684a1fc sp=0x000000006306c020
Event: 40670.258 Thread 0x000000002c3fb000 DEOPT UNPACKING pc=0x000000000326557b sp=0x000000006306c040 mode 2
Event: 40670.266 Thread 0x000000002c3fb000 Uncommon trap: trap_request=0xffffffc6 fr.pc=0x000000000684a1fc
Event: 40670.266 Thread 0x000000002c3fb000 DEOPT PACKING pc=0x000000000684a1fc sp=0x000000006306c020
Event: 40670.266 Thread 0x000000002c3fb000 DEOPT UNPACKING pc=0x000000000326557b sp=0x000000006306c040 mode 2
Event: 40670.317 Thread 0x000000002c3fb000 Uncommon trap: trap_request=0xffffffc6 fr.pc=0x000000000d7abe84
Event: 40670.317 Thread 0x000000002c3fb000 DEOPT PACKING pc=0x000000000d7abe84 sp=0x000000006306bf80
Event: 40670.317 Thread 0x000000002c3fb000 DEOPT UNPACKING pc=0x000000000326557b sp=0x000000006306bf58 mode 2
Event: 40670.763 Executing VM operation: ParallelGCFailedAllocation


Dynamic libraries:
0x00007ff72c290000 - 0x00007ff72c2c1000 	C:\Program Files\Android\Android Studio\jre\bin\java.exe
0x00007ffd15b90000 - 0x00007ffd15d71000 	C:\WINDOWS\SYSTEM32\ntdll.dll
0x00007ffd152a0000 - 0x00007ffd15351000 	C:\WINDOWS\System32\KERNEL32.DLL
0x00007ffd11f50000 - 0x00007ffd121c3000 	C:\WINDOWS\System32\KERNELBASE.dll
0x00007ffd13320000 - 0x00007ffd133c1000 	C:\WINDOWS\System32\ADVAPI32.dll
0x00007ffd15850000 - 0x00007ffd158ee000 	C:\WINDOWS\System32\msvcrt.dll
0x00007ffd13400000 - 0x00007ffd1345b000 	C:\WINDOWS\System32\sechost.dll
0x00007ffd15540000 - 0x00007ffd15664000 	C:\WINDOWS\System32\RPCRT4.dll
0x00007ffd150b0000 - 0x00007ffd15240000 	C:\WINDOWS\System32\USER32.dll
0x00007ffd125a0000 - 0x00007ffd125c0000 	C:\WINDOWS\System32\win32u.dll
0x00007ffd13010000 - 0x00007ffd13038000 	C:\WINDOWS\System32\GDI32.dll
0x00007ffd121d0000 - 0x00007ffd12361000 	C:\WINDOWS\System32\gdi32full.dll
0x00007ffd12cd0000 - 0x00007ffd12d6f000 	C:\WINDOWS\System32\msvcp_win.dll
0x00007ffd124a0000 - 0x00007ffd12598000 	C:\WINDOWS\System32\ucrtbase.dll
0x00007ffd07750000 - 0x00007ffd079b9000 	C:\WINDOWS\WinSxS\amd64_microsoft.windows.common-controls_6595b64144ccf1df_6.0.17134.1006_none_d3fbb8f77c940c3f\COMCTL32.dll
0x00007ffd14d10000 - 0x00007ffd15031000 	C:\WINDOWS\System32\combase.dll
0x00007ffd12420000 - 0x00007ffd12499000 	C:\WINDOWS\System32\bcryptPrimitives.dll
0x00007ffd133d0000 - 0x00007ffd133fd000 	C:\WINDOWS\System32\IMM32.DLL
0x0000000065fd0000 - 0x00000000660a2000 	C:\Program Files\Android\Android Studio\jre\jre\bin\msvcr100.dll
0x0000000066190000 - 0x00000000669d1000 	C:\Program Files\Android\Android Studio\jre\jre\bin\server\jvm.dll
0x00007ffd15360000 - 0x00007ffd15368000 	C:\WINDOWS\System32\PSAPI.DLL
0x00007ffd03580000 - 0x00007ffd03589000 	C:\WINDOWS\SYSTEM32\WSOCK32.dll
0x00007ffd07dd0000 - 0x00007ffd07dda000 	C:\WINDOWS\SYSTEM32\VERSION.dll
0x00007ffd0f240000 - 0x00007ffd0f263000 	C:\WINDOWS\SYSTEM32\WINMM.dll
0x00007ffd15720000 - 0x00007ffd1578c000 	C:\WINDOWS\System32\WS2_32.dll
0x00007ffd0f210000 - 0x00007ffd0f23a000 	C:\WINDOWS\SYSTEM32\winmmbase.dll
0x00007ffd12370000 - 0x00007ffd123b9000 	C:\WINDOWS\System32\cfgmgr32.dll
0x00007ffcfe370000 - 0x00007ffcfe37f000 	C:\Program Files\Android\Android Studio\jre\jre\bin\verify.dll
0x00007ffce8630000 - 0x00007ffce8659000 	C:\Program Files\Android\Android Studio\jre\jre\bin\java.dll
0x00007ffcfe350000 - 0x00007ffcfe366000 	C:\Program Files\Android\Android Studio\jre\jre\bin\zip.dll
0x00007ffd138b0000 - 0x00007ffd14cf2000 	C:\WINDOWS\System32\SHELL32.dll
0x00007ffd15670000 - 0x00007ffd15719000 	C:\WINDOWS\System32\shcore.dll
0x00007ffd125c0000 - 0x00007ffd12cce000 	C:\WINDOWS\System32\windows.storage.dll
0x00007ffd15240000 - 0x00007ffd15291000 	C:\WINDOWS\System32\shlwapi.dll
0x00007ffd11ee0000 - 0x00007ffd11ef1000 	C:\WINDOWS\System32\kernel.appcore.dll
0x00007ffd11f10000 - 0x00007ffd11f2f000 	C:\WINDOWS\System32\profapi.dll
0x00007ffd11e90000 - 0x00007ffd11edc000 	C:\WINDOWS\System32\powrprof.dll
0x00007ffd11f00000 - 0x00007ffd11f0a000 	C:\WINDOWS\System32\FLTLIB.DLL
0x00007ffcf5310000 - 0x00007ffcf532a000 	C:\Program Files\Android\Android Studio\jre\jre\bin\net.dll
0x00007ffd11710000 - 0x00007ffd11776000 	C:\WINDOWS\system32\mswsock.dll
0x00007ffcdfac0000 - 0x00007ffcdfad1000 	C:\Program Files\Android\Android Studio\jre\jre\bin\nio.dll
0x00007ffce3f40000 - 0x00007ffce3f5e000 	C:\Users\Amer Kumar\.gradle\native\25\windows-amd64\native-platform.dll
0x00007ffcf4ca0000 - 0x00007ffcf4cad000 	C:\Program Files\Android\Android Studio\jre\jre\bin\management.dll
0x00007ffd118c0000 - 0x00007ffd118d7000 	C:\WINDOWS\SYSTEM32\CRYPTSP.dll
0x00007ffd112c0000 - 0x00007ffd112f3000 	C:\WINDOWS\system32\rsaenh.dll
0x00007ffd119f0000 - 0x00007ffd11a15000 	C:\WINDOWS\SYSTEM32\bcrypt.dll
0x00007ffd11dc0000 - 0x00007ffd11de8000 	C:\WINDOWS\SYSTEM32\USERENV.dll
0x00007ffd118e0000 - 0x00007ffd118eb000 	C:\WINDOWS\SYSTEM32\CRYPTBASE.dll
0x00007ffd11460000 - 0x00007ffd11498000 	C:\WINDOWS\SYSTEM32\IPHLPAPI.DLL
0x00007ffd150a0000 - 0x00007ffd150a8000 	C:\WINDOWS\System32\NSI.dll
0x00007ffd0bc40000 - 0x00007ffd0bc56000 	C:\WINDOWS\SYSTEM32\dhcpcsvc6.DLL
0x00007ffd0c570000 - 0x00007ffd0c58a000 	C:\WINDOWS\SYSTEM32\dhcpcsvc.DLL
0x00007ffcdfc70000 - 0x00007ffcdfc94000 	C:\Program Files\Android\Android Studio\jre\jre\bin\sunec.dll
0x00007ffd114b0000 - 0x00007ffd1156e000 	C:\WINDOWS\SYSTEM32\DNSAPI.dll
0x00007ffd081c0000 - 0x00007ffd081ca000 	C:\Windows\System32\rasadhlp.dll
0x00007ffd081d0000 - 0x00007ffd08242000 	C:\WINDOWS\System32\fwpuclnt.dll
0x00007ffcf1d50000 - 0x00007ffcf1d5b000 	C:\Program Files\Android\Android Studio\jre\jre\bin\sunmscapi.dll
0x00007ffd12e20000 - 0x00007ffd13002000 	C:\WINDOWS\System32\CRYPT32.dll
0x00007ffd11f30000 - 0x00007ffd11f42000 	C:\WINDOWS\System32\MSASN1.dll
0x00007ffd0fbe0000 - 0x00007ffd0fc6b000 	C:\WINDOWS\system32\apphelp.dll
0x00007ffd10ce0000 - 0x00007ffd10d11000 	C:\WINDOWS\SYSTEM32\ntmarta.dll
0x00007ffd10740000 - 0x00007ffd10909000 	C:\WINDOWS\SYSTEM32\dbghelp.dll

VM Arguments:
jvm_args: -Xmx1536m -Dfile.encoding=windows-1252 -Duser.country=US -Duser.language=en -Duser.variant 
java_command: org.gradle.launcher.daemon.bootstrap.GradleDaemon 5.1.1
java_class_path (initial): C:\Users\Amer Kumar\.gradle\wrapper\dists\gradle-5.1.1-all\97z1ksx6lirer3kbvdnh7jtjg\gradle-5.1.1\lib\gradle-launcher-5.1.1.jar
Launcher Type: SUN_STANDARD

Environment Variables:
PATH=C:\Program Files (x86)\Common Files\Oracle\Java\javapath;C:\Program Files (x86)\Intel\Intel(R) Management Engine Components\iCLS\;C:\Program Files\Intel\Intel(R) Management Engine Components\iCLS\;C:\WINDOWS\system32;C:\WINDOWS;C:\WINDOWS\System32\Wbem;C:\WINDOWS\System32\WindowsPowerShell\v1.0\;C:\Program Files (x86)\Intel\Intel(R) Management Engine Components\DAL;C:\Program Files\Intel\Intel(R) Management Engine Components\DAL;C:\Program Files (x86)\Intel\Intel(R) Management Engine Components\IPT;C:\Program Files\Intel\Intel(R) Management Engine Components\IPT;C:\Program Files\Git\cmd;C:\WINDOWS\System32\OpenSSH\;C:\Program Files\Java\jdk1.8.0_191\bin;C:\Program Files\nodejs\;C:\flutter\flutter\bin;C:\Users\Amer Kumar\AppData\Local\Microsoft\WindowsApps;;C:\Users\Amer Kumar\AppData\Local\Programs\Microsoft VS Code\bin;C:\Users\Amer Kumar\AppData\Roaming\npm
USERNAME=Amer Kumar
OS=Windows_NT
PROCESSOR_IDENTIFIER=Intel64 Family 6 Model 142 Stepping 9, GenuineIntel



---------------  S Y S T E M  ---------------

OS: Windows 10.0 , 64 bit Build 17134 (10.0.17134.753)

CPU:total 4 (initial active 4) (2 cores per cpu, 2 threads per core) family 6 model 142 stepping 9, cmov, cx8, fxsr, mmx, sse, sse2, sse3, ssse3, sse4.1, sse4.2, popcnt, avx, avx2, aes, clmul, erms, 3dnowpref, lzcnt, ht, tsc, tscinvbit, bmi1, bmi2, adx

Memory: 4k page, physical 12496808k(2673296k free), swap 19312552k(5482300k free)

vm_info: OpenJDK 64-Bit Server VM (25.152-b01) for windows-amd64 JRE (1.8.0_152-release-1343-b01), built by "builder" with MS VC++ 10.0 (VS2010)

time: Tue Sep 17 02:57:47 2019
elapsed time: 40671 seconds (0d 11h 17m 51s)

